This file contains any messages produced by compilers while
running configure, to aid debugging if configure makes a mistake.

It was created by configure, which was
generated by GNU Autoconf 2.71.  Invocation command line was

  $ ./configure --with-simgear=/usr/local/lib64 --with-plib=/usr/lib64 --with-fgbase=/usr/local/lib --with-x

## --------- ##
## Platform. ##
## --------- ##

hostname = igor
uname -m = x86_64
uname -r = 6.2.15-100.fc36.x86_64
uname -s = Linux
uname -v = #1 SMP PREEMPT_DYNAMIC Thu May 11 16:51:53 UTC 2023

/usr/bin/uname -p = x86_64
/bin/uname -X     = unknown

/bin/arch              = x86_64
/usr/bin/arch -k       = unknown
/usr/convex/getsysinfo = unknown
/usr/bin/hostinfo      = unknown
/bin/machine           = unknown
/usr/bin/oslevel       = unknown
/bin/universe          = unknown

PATH: /usr/local/lib64/
PATH: /usr/local/lib/
PATH: /usr/local/lib64/
PATH: /usr/local/lib/
PATH: /comm/cbin/
PATH: /usr/lib64/ccache/
PATH: /usr/local/bin/
PATH: /bin/
PATH: /usr/bin/
PATH: /usr/local/sbin/
PATH: /usr/sbin/
PATH: /sbin/
PATH: /var/lib/snapd/snap/bin/
PATH: /home/otto/.local/bin/
PATH: /home/otto/bin/


## ----------- ##
## Core tests. ##
## ----------- ##

configure:2795: looking for aux files: config.guess config.sub install-sh
configure:2808:  trying ./
configure:2837:   ./config.guess found
configure:2837:   ./config.sub found
configure:2819:   ./install-sh found
configure:2968: checking for a BSD-compatible install
configure:3041: result: /bin/install -c
configure:3052: checking whether build environment is sane
configure:3089: result: yes
configure:3119: checking for gawk
configure:3140: found /bin/gawk
configure:3151: result: gawk
configure:3162: checking whether make sets $(MAKE)
configure:3185: result: yes
configure:3368: checking whether make sets $(MAKE)
configure:3391: result: yes
configure:3462: checking for gcc
configure:3483: found /usr/lib64/ccache/gcc
configure:3494: result: gcc
configure:3847: checking for C compiler version
configure:3856: gcc --version >&5
gcc (GCC) 12.2.1 20221121 (Red Hat 12.2.1-4)
Copyright (C) 2022 Free Software Foundation, Inc.
This is free software; see the source for copying conditions.  There is NO
warranty; not even for MERCHANTABILITY or FITNESS FOR A PARTICULAR PURPOSE.

configure:3867: $? = 0
configure:3856: gcc -v >&5
Using built-in specs.
COLLECT_GCC=/bin/gcc
COLLECT_LTO_WRAPPER=/usr/libexec/gcc/x86_64-redhat-linux/12/lto-wrapper
OFFLOAD_TARGET_NAMES=nvptx-none
OFFLOAD_TARGET_DEFAULT=1
Target: x86_64-redhat-linux
Configured with: ../configure --enable-bootstrap --enable-languages=c,c++,fortran,objc,obj-c++,ada,go,d,lto --prefix=/usr --mandir=/usr/share/man --infodir=/usr/share/info --with-bugurl=http://bugzilla.redhat.com/bugzilla --enable-shared --enable-threads=posix --enable-checking=release --enable-multilib --with-system-zlib --enable-__cxa_atexit --disable-libunwind-exceptions --enable-gnu-unique-object --enable-linker-build-id --with-gcc-major-version-only --enable-libstdcxx-backtrace --with-linker-hash-style=gnu --enable-plugin --enable-initfini-array --with-isl=/builddir/build/BUILD/gcc-12.2.1-20221121/obj-x86_64-redhat-linux/isl-install --enable-offload-targets=nvptx-none --without-cuda-driver --enable-offload-defaulted --enable-gnu-indirect-function --enable-cet --with-tune=generic --with-arch_32=i686 --build=x86_64-redhat-linux --with-build-config=bootstrap-lto --enable-link-serialization=1
Thread model: posix
Supported LTO compression algorithms: zlib zstd
gcc version 12.2.1 20221121 (Red Hat 12.2.1-4) (GCC) 
... rest of stderr output deleted ...
configure:3867: $? = 0
configure:3856: gcc -V >&5
gcc: error: unrecognized command-line option '-V'
gcc: fatal error: no input files
compilation terminated.
configure:3867: $? = 1
configure:3856: gcc -qversion >&5
gcc: error: unrecognized command-line option '-qversion'; did you mean '--version'?
gcc: fatal error: no input files
compilation terminated.
configure:3867: $? = 1
configure:3856: gcc -version >&5
gcc: error: unrecognized command-line option '-version'
gcc: fatal error: no input files
compilation terminated.
configure:3867: $? = 1
configure:3887: checking whether the C compiler works
configure:3909: gcc    conftest.c  >&5
configure:3913: $? = 0
configure:3963: result: yes
configure:3966: checking for C compiler default output file name
configure:3968: result: a.out
configure:3974: checking for suffix of executables
configure:3981: gcc -o conftest    conftest.c  >&5
configure:3985: $? = 0
configure:4008: result: 
configure:4030: checking whether we are cross compiling
configure:4038: gcc -o conftest    conftest.c  >&5
configure:4042: $? = 0
configure:4049: ./conftest
configure:4053: $? = 0
configure:4068: result: no
configure:4073: checking for suffix of object files
configure:4096: gcc -c   conftest.c >&5
configure:4100: $? = 0
configure:4122: result: o
configure:4126: checking whether the compiler supports GNU C
configure:4146: gcc -c   conftest.c >&5
configure:4146: $? = 0
configure:4156: result: yes
configure:4167: checking whether gcc accepts -g
configure:4188: gcc -c -g  conftest.c >&5
configure:4188: $? = 0
configure:4232: result: yes
configure:4252: checking for gcc option to enable C11 features
configure:4267: gcc  -c -g -O2  conftest.c >&5
configure:4267: $? = 0
configure:4285: result: none needed
configure:4405: checking for style of include used by make
configure:4433: result: GNU
configure:4462: checking dependency style of gcc
configure:4531: result: gcc3
configure:4617: checking for g++
configure:4638: found /usr/lib64/ccache/g++
configure:4649: result: g++
configure:4676: checking for C++ compiler version
configure:4685: g++ --version >&5
g++ (GCC) 12.2.1 20221121 (Red Hat 12.2.1-4)
Copyright (C) 2022 Free Software Foundation, Inc.
This is free software; see the source for copying conditions.  There is NO
warranty; not even for MERCHANTABILITY or FITNESS FOR A PARTICULAR PURPOSE.

configure:4696: $? = 0
configure:4685: g++ -v >&5
Using built-in specs.
COLLECT_GCC=/bin/g++
COLLECT_LTO_WRAPPER=/usr/libexec/gcc/x86_64-redhat-linux/12/lto-wrapper
OFFLOAD_TARGET_NAMES=nvptx-none
OFFLOAD_TARGET_DEFAULT=1
Target: x86_64-redhat-linux
Configured with: ../configure --enable-bootstrap --enable-languages=c,c++,fortran,objc,obj-c++,ada,go,d,lto --prefix=/usr --mandir=/usr/share/man --infodir=/usr/share/info --with-bugurl=http://bugzilla.redhat.com/bugzilla --enable-shared --enable-threads=posix --enable-checking=release --enable-multilib --with-system-zlib --enable-__cxa_atexit --disable-libunwind-exceptions --enable-gnu-unique-object --enable-linker-build-id --with-gcc-major-version-only --enable-libstdcxx-backtrace --with-linker-hash-style=gnu --enable-plugin --enable-initfini-array --with-isl=/builddir/build/BUILD/gcc-12.2.1-20221121/obj-x86_64-redhat-linux/isl-install --enable-offload-targets=nvptx-none --without-cuda-driver --enable-offload-defaulted --enable-gnu-indirect-function --enable-cet --with-tune=generic --with-arch_32=i686 --build=x86_64-redhat-linux --with-build-config=bootstrap-lto --enable-link-serialization=1
Thread model: posix
Supported LTO compression algorithms: zlib zstd
gcc version 12.2.1 20221121 (Red Hat 12.2.1-4) (GCC) 
... rest of stderr output deleted ...
configure:4696: $? = 0
configure:4685: g++ -V >&5
g++: error: unrecognized command-line option '-V'
g++: fatal error: no input files
compilation terminated.
configure:4696: $? = 1
configure:4685: g++ -qversion >&5
g++: error: unrecognized command-line option '-qversion'; did you mean '--version'?
g++: fatal error: no input files
compilation terminated.
configure:4696: $? = 1
configure:4700: checking whether the compiler supports GNU C++
configure:4720: g++ -c   conftest.cpp >&5
configure:4720: $? = 0
configure:4730: result: yes
configure:4741: checking whether g++ accepts -g
configure:4762: g++ -c -g  conftest.cpp >&5
configure:4762: $? = 0
configure:4806: result: yes
configure:4826: checking for g++ option to enable C++11 features
configure:4841: g++  -c -g -O2  conftest.cpp >&5
conftest.cpp: In function 'int main(int, char**)':
conftest.cpp:177:25: warning: empty parentheses were disambiguated as a function declaration [-Wvexing-parse]
  177 |   cxx11test::delegate d2();
      |                         ^~
conftest.cpp:177:25: note: remove parentheses to default-initialize a variable
  177 |   cxx11test::delegate d2();
      |                         ^~
      |                         --
conftest.cpp:177:25: note: or replace parentheses with braces to value-initialize a variable
configure:4841: $? = 0
configure:4859: result: none needed
configure:4925: checking dependency style of g++
configure:4994: result: gcc3
configure:5059: checking for ranlib
configure:5080: found /bin/ranlib
configure:5091: result: ranlib
configure:5114: checking whether ln -s works
configure:5118: result: yes
configure:5131: checking for stdio.h
configure:5131: gcc -c -g -O2  conftest.c >&5
configure:5131: $? = 0
configure:5131: result: yes
configure:5131: checking for stdlib.h
configure:5131: gcc -c -g -O2  conftest.c >&5
configure:5131: $? = 0
configure:5131: result: yes
configure:5131: checking for string.h
configure:5131: gcc -c -g -O2  conftest.c >&5
configure:5131: $? = 0
configure:5131: result: yes
configure:5131: checking for inttypes.h
configure:5131: gcc -c -g -O2  conftest.c >&5
configure:5131: $? = 0
configure:5131: result: yes
configure:5131: checking for stdint.h
configure:5131: gcc -c -g -O2  conftest.c >&5
configure:5131: $? = 0
configure:5131: result: yes
configure:5131: checking for strings.h
configure:5131: gcc -c -g -O2  conftest.c >&5
configure:5131: $? = 0
configure:5131: result: yes
configure:5131: checking for sys/stat.h
configure:5131: gcc -c -g -O2  conftest.c >&5
configure:5131: $? = 0
configure:5131: result: yes
configure:5131: checking for sys/types.h
configure:5131: gcc -c -g -O2  conftest.c >&5
configure:5131: $? = 0
configure:5131: result: yes
configure:5131: checking for unistd.h
configure:5131: gcc -c -g -O2  conftest.c >&5
configure:5131: $? = 0
configure:5131: result: yes
configure:5131: checking for sys/time.h
configure:5131: gcc -c -g -O2  conftest.c >&5
configure:5131: $? = 0
configure:5131: result: yes
configure:5156: checking for windows.h
configure:5156: gcc -c -g -O2  conftest.c >&5
conftest.c:50:10: fatal error: windows.h: No such file or directory
   50 | #include <windows.h>
      |          ^~~~~~~~~~~
compilation terminated.
configure:5156: $? = 1
configure: failed program was:
| /* confdefs.h */
| #define PACKAGE_NAME ""
| #define PACKAGE_TARNAME ""
| #define PACKAGE_VERSION ""
| #define PACKAGE_STRING ""
| #define PACKAGE_BUGREPORT ""
| #define PACKAGE_URL ""
| #define PACKAGE "Atlas"
| #define VERSION "0.3.0"
| #define HAVE_STDIO_H 1
| #define HAVE_STDLIB_H 1
| #define HAVE_STRING_H 1
| #define HAVE_INTTYPES_H 1
| #define HAVE_STDINT_H 1
| #define HAVE_STRINGS_H 1
| #define HAVE_SYS_STAT_H 1
| #define HAVE_SYS_TYPES_H 1
| #define HAVE_UNISTD_H 1
| #define HAVE_SYS_TIME_H 1
| #define STDC_HEADERS 1
| /* end confdefs.h.  */
| #include <stddef.h>
| #ifdef HAVE_STDIO_H
| # include <stdio.h>
| #endif
| #ifdef HAVE_STDLIB_H
| # include <stdlib.h>
| #endif
| #ifdef HAVE_STRING_H
| # include <string.h>
| #endif
| #ifdef HAVE_INTTYPES_H
| # include <inttypes.h>
| #endif
| #ifdef HAVE_STDINT_H
| # include <stdint.h>
| #endif
| #ifdef HAVE_STRINGS_H
| # include <strings.h>
| #endif
| #ifdef HAVE_SYS_TYPES_H
| # include <sys/types.h>
| #endif
| #ifdef HAVE_SYS_STAT_H
| # include <sys/stat.h>
| #endif
| #ifdef HAVE_UNISTD_H
| # include <unistd.h>
| #endif
| #include <windows.h>
configure:5156: result: no
configure:5226: checking build system type
configure:5241: result: x86_64-unknown-linux-gnu
configure:5261: checking host system type
configure:5275: result: x86_64-unknown-linux-gnu
configure:5444: checking how to run the C preprocessor
configure:5470: gcc -E -I/usr/local//include conftest.c
configure:5470: $? = 0
configure:5485: gcc -E -I/usr/local//include conftest.c
conftest.c:22:10: fatal error: ac_nonexistent.h: No such file or directory
   22 | #include <ac_nonexistent.h>
      |          ^~~~~~~~~~~~~~~~~~
compilation terminated.
configure:5485: $? = 1
configure: failed program was:
| /* confdefs.h */
| #define PACKAGE_NAME ""
| #define PACKAGE_TARNAME ""
| #define PACKAGE_VERSION ""
| #define PACKAGE_STRING ""
| #define PACKAGE_BUGREPORT ""
| #define PACKAGE_URL ""
| #define PACKAGE "Atlas"
| #define VERSION "0.3.0"
| #define HAVE_STDIO_H 1
| #define HAVE_STDLIB_H 1
| #define HAVE_STRING_H 1
| #define HAVE_INTTYPES_H 1
| #define HAVE_STDINT_H 1
| #define HAVE_STRINGS_H 1
| #define HAVE_SYS_STAT_H 1
| #define HAVE_SYS_TYPES_H 1
| #define HAVE_UNISTD_H 1
| #define HAVE_SYS_TIME_H 1
| #define STDC_HEADERS 1
| /* end confdefs.h.  */
| #include <ac_nonexistent.h>
configure:5512: result: gcc -E
configure:5526: gcc -E -I/usr/local//include conftest.c
configure:5526: $? = 0
configure:5541: gcc -E -I/usr/local//include conftest.c
conftest.c:22:10: fatal error: ac_nonexistent.h: No such file or directory
   22 | #include <ac_nonexistent.h>
      |          ^~~~~~~~~~~~~~~~~~
compilation terminated.
configure:5541: $? = 1
configure: failed program was:
| /* confdefs.h */
| #define PACKAGE_NAME ""
| #define PACKAGE_TARNAME ""
| #define PACKAGE_VERSION ""
| #define PACKAGE_STRING ""
| #define PACKAGE_BUGREPORT ""
| #define PACKAGE_URL ""
| #define PACKAGE "Atlas"
| #define VERSION "0.3.0"
| #define HAVE_STDIO_H 1
| #define HAVE_STDLIB_H 1
| #define HAVE_STRING_H 1
| #define HAVE_INTTYPES_H 1
| #define HAVE_STDINT_H 1
| #define HAVE_STRINGS_H 1
| #define HAVE_SYS_STAT_H 1
| #define HAVE_SYS_TYPES_H 1
| #define HAVE_UNISTD_H 1
| #define HAVE_SYS_TIME_H 1
| #define STDC_HEADERS 1
| /* end confdefs.h.  */
| #include <ac_nonexistent.h>
configure:5572: checking for X
configure:5610: gcc -o conftest -g -O2 -I/usr/local//include -L/usr/local//lib conftest.c -lX11  >&5
configure:5610: $? = 0
configure:5797: result: libraries , headers 
configure:5895: gcc -o conftest -g -O2 -I/usr/local//include -L/usr/local//lib conftest.c   -lX11 >&5
configure:5895: $? = 0
configure:5994: checking for gethostbyname
configure:5994: gcc -o conftest -g -O2 -I/usr/local//include -L/usr/local//lib conftest.c  >&5
configure:5994: $? = 0
configure:5994: result: yes
configure:6092: checking for connect
configure:6092: gcc -o conftest -g -O2 -I/usr/local//include -L/usr/local//lib conftest.c  >&5
configure:6092: $? = 0
configure:6092: result: yes
configure:6142: checking for remove
configure:6142: gcc -o conftest -g -O2 -I/usr/local//include -L/usr/local//lib conftest.c  >&5
configure:6142: $? = 0
configure:6142: result: yes
configure:6192: checking for shmat
configure:6192: gcc -o conftest -g -O2 -I/usr/local//include -L/usr/local//lib conftest.c  >&5
configure:6192: $? = 0
configure:6192: result: yes
configure:6251: checking for IceConnectionNumber in -lICE
configure:6274: gcc -o conftest -g -O2 -I/usr/local//include -L/usr/local//lib conftest.c -lICE   >&5
configure:6274: $? = 0
configure:6284: result: yes
configure:6302: checking for cos in -lm
configure:6325: gcc -o conftest -g -O2 -I/usr/local//include -L/usr/local//lib conftest.c -lm   >&5
conftest.c:26:6: warning: conflicting types for built-in function 'cos'; expected 'double(double)' [-Wbuiltin-declaration-mismatch]
   26 | char cos ();
      |      ^~~
conftest.c:1:1: note: 'cos' is declared in header '<math.h>'
    1 | /* confdefs.h */
configure:6325: $? = 0
configure:6335: result: yes
configure:6348: checking for pthread_exit in -lpthread
configure:6371: gcc -o conftest -g -O2 -I/usr/local//include -L/usr/local//lib conftest.c -lpthread  -lm  >&5
configure:6371: $? = 0
configure:6381: result: yes
configure:6395: checking for socket in -lsocket
configure:6418: gcc -o conftest -g -O2 -I/usr/local//include -L/usr/local//lib conftest.c -lsocket  -lpthread -lm  >&5
/bin/ld: cannot find -lsocket
collect2: error: ld returned 1 exit status
configure:6418: $? = 1
configure: failed program was:
| /* confdefs.h */
| #define PACKAGE_NAME ""
| #define PACKAGE_TARNAME ""
| #define PACKAGE_VERSION ""
| #define PACKAGE_STRING ""
| #define PACKAGE_BUGREPORT ""
| #define PACKAGE_URL ""
| #define PACKAGE "Atlas"
| #define VERSION "0.3.0"
| #define HAVE_STDIO_H 1
| #define HAVE_STDLIB_H 1
| #define HAVE_STRING_H 1
| #define HAVE_INTTYPES_H 1
| #define HAVE_STDINT_H 1
| #define HAVE_STRINGS_H 1
| #define HAVE_SYS_STAT_H 1
| #define HAVE_SYS_TYPES_H 1
| #define HAVE_UNISTD_H 1
| #define HAVE_SYS_TIME_H 1
| #define STDC_HEADERS 1
| #define HAVE_LIBM 1
| #define HAVE_LIBPTHREAD 1
| /* end confdefs.h.  */
| 
| /* Override any GCC internal prototype to avoid an error.
|    Use char because int might match the return type of a GCC
|    builtin and then its argument prototype would still apply.  */
| char socket ();
| int
| main (void)
| {
| return socket ();
|   ;
|   return 0;
| }
configure:6428: result: no
configure:6438: checking for XCreateWindow in -lX11
configure:6461: gcc -o conftest -g -O2 -I/usr/local//include -L/usr/local//lib conftest.c -lX11  -lpthread -lm  >&5
configure:6461: $? = 0
configure:6471: result: yes
configure:6481: checking for XShmCreateImage in -lXext
configure:6504: gcc -o conftest -g -O2 -I/usr/local//include -L/usr/local//lib conftest.c -lXext  -lX11 -lpthread -lm  >&5
configure:6504: $? = 0
configure:6514: result: yes
configure:6524: checking for XGetExtensionVersion in -lXi
configure:6547: gcc -o conftest -g -O2 -I/usr/local//include -L/usr/local//lib conftest.c -lXi  -lXext -lX11 -lpthread -lm  >&5
configure:6547: $? = 0
configure:6557: result: yes
configure:6567: checking for IceOpenConnection in -lICE
configure:6590: gcc -o conftest -g -O2 -I/usr/local//include -L/usr/local//lib conftest.c -lICE  -lXi -lXext -lX11 -lpthread -lm  >&5
configure:6590: $? = 0
configure:6600: result: yes
configure:6610: checking for SmcOpenConnection in -lSM
configure:6633: gcc -o conftest -g -O2 -I/usr/local//include -L/usr/local//lib conftest.c -lSM  -lICE -lXi -lXext -lX11 -lpthread -lm  >&5
configure:6633: $? = 0
configure:6643: result: yes
configure:6653: checking for XtMalloc in -lXt
configure:6676: gcc -o conftest -g -O2 -I/usr/local//include -L/usr/local//lib conftest.c -lXt  -lSM -lICE -lXi -lXext -lX11 -lpthread -lm  >&5
configure:6676: $? = 0
configure:6686: result: yes
configure:6696: checking for XmuLookupStandardColormap in -lXmu
configure:6719: gcc -o conftest -g -O2 -I/usr/local//include -L/usr/local//lib conftest.c -lXmu  -lXt -lSM -lICE -lXi -lXext -lX11 -lpthread -lm  >&5
/bin/ld: cannot find -lXmu
collect2: error: ld returned 1 exit status
configure:6719: $? = 1
configure: failed program was:
| /* confdefs.h */
| #define PACKAGE_NAME ""
| #define PACKAGE_TARNAME ""
| #define PACKAGE_VERSION ""
| #define PACKAGE_STRING ""
| #define PACKAGE_BUGREPORT ""
| #define PACKAGE_URL ""
| #define PACKAGE "Atlas"
| #define VERSION "0.3.0"
| #define HAVE_STDIO_H 1
| #define HAVE_STDLIB_H 1
| #define HAVE_STRING_H 1
| #define HAVE_INTTYPES_H 1
| #define HAVE_STDINT_H 1
| #define HAVE_STRINGS_H 1
| #define HAVE_SYS_STAT_H 1
| #define HAVE_SYS_TYPES_H 1
| #define HAVE_UNISTD_H 1
| #define HAVE_SYS_TIME_H 1
| #define STDC_HEADERS 1
| #define HAVE_LIBM 1
| #define HAVE_LIBPTHREAD 1
| #define HAVE_LIBX11 1
| #define HAVE_LIBXEXT 1
| #define HAVE_LIBXI 1
| #define HAVE_LIBICE 1
| #define HAVE_LIBSM 1
| #define HAVE_LIBXT 1
| /* end confdefs.h.  */
| 
| /* Override any GCC internal prototype to avoid an error.
|    Use char because int might match the return type of a GCC
|    builtin and then its argument prototype would still apply.  */
| char XmuLookupStandardColormap ();
| int
| main (void)
| {
| return XmuLookupStandardColormap ();
|   ;
|   return 0;
| }
configure:6729: result: no
configure:6740: checking for glNewList in -lGLcore
configure:6763: gcc -o conftest -g -O2 -I/usr/local//include -L/usr/local//lib conftest.c -lGLcore  -lXt -lSM -lICE -lXi -lXext -lX11 -lpthread -lm  >&5
/bin/ld: cannot find -lGLcore
collect2: error: ld returned 1 exit status
configure:6763: $? = 1
configure: failed program was:
| /* confdefs.h */
| #define PACKAGE_NAME ""
| #define PACKAGE_TARNAME ""
| #define PACKAGE_VERSION ""
| #define PACKAGE_STRING ""
| #define PACKAGE_BUGREPORT ""
| #define PACKAGE_URL ""
| #define PACKAGE "Atlas"
| #define VERSION "0.3.0"
| #define HAVE_STDIO_H 1
| #define HAVE_STDLIB_H 1
| #define HAVE_STRING_H 1
| #define HAVE_INTTYPES_H 1
| #define HAVE_STDINT_H 1
| #define HAVE_STRINGS_H 1
| #define HAVE_SYS_STAT_H 1
| #define HAVE_SYS_TYPES_H 1
| #define HAVE_UNISTD_H 1
| #define HAVE_SYS_TIME_H 1
| #define STDC_HEADERS 1
| #define HAVE_LIBM 1
| #define HAVE_LIBPTHREAD 1
| #define HAVE_LIBX11 1
| #define HAVE_LIBXEXT 1
| #define HAVE_LIBXI 1
| #define HAVE_LIBICE 1
| #define HAVE_LIBSM 1
| #define HAVE_LIBXT 1
| /* end confdefs.h.  */
| 
| /* Override any GCC internal prototype to avoid an error.
|    Use char because int might match the return type of a GCC
|    builtin and then its argument prototype would still apply.  */
| char glNewList ();
| int
| main (void)
| {
| return glNewList ();
|   ;
|   return 0;
| }
configure:6773: result: no
configure:6784: checking for glNewList in -lGL
configure:6807: gcc -o conftest -g -O2 -I/usr/local//include -L/usr/local//lib conftest.c -lGL  -lXt -lSM -lICE -lXi -lXext -lX11 -lpthread -lm  >&5
configure:6807: $? = 0
configure:6817: result: yes
configure:6935: checking for gluLookAt in -lGLU
configure:6958: gcc -o conftest -g -O2 -I/usr/local//include -L/usr/local//lib conftest.c -lGLU  -lGL -lXt -lSM -lICE -lXi -lXext -lX11 -lpthread -lm  >&5
configure:6958: $? = 0
configure:6968: result: yes
configure:7024: checking for glutGetModifiers in -lglut
configure:7047: gcc -o conftest -g -O2 -I/usr/local//include -L/usr/local//lib conftest.c -lglut  -lGLU -lGL -lXt -lSM -lICE -lXi -lXext -lX11 -lpthread -lm  >&5
configure:7047: $? = 0
configure:7057: result: yes
configure:7069: checking for glutGameModeString in -lglut
configure:7092: gcc -o conftest -g -O2 -I/usr/local//include -L/usr/local//lib conftest.c -lglut  -lglut -lGLU -lGL -lXt -lSM -lICE -lXi -lXext -lX11 -lpthread -lm  >&5
configure:7092: $? = 0
configure:7102: result: yes
configure:7174: checking for plib/pu.h
configure:7174: g++ -c -g -O2 -DFGBASE_DIR='"/usr/local/lib"' -I/usr/local//include conftest.cpp >&5
configure:7174: $? = 0
configure:7174: result: yes
configure:7190: checking for ulInit in -lplibul
configure:7212: g++ -o conftest -g -O2 -DFGBASE_DIR='"/usr/local/lib"' -I/usr/local//include -L/usr/local//lib conftest.cpp -lplibul  -lm  >&5
configure:7212: $? = 0
configure:7222: result: yes
configure:7241: checking for simgear/version.h
configure:7241: gcc -c -g -O2 -I/usr/local//include conftest.c >&5
configure:7241: $? = 0
configure:7241: result: yes
configure:7258: checking for proper simgear version
configure:7304: gcc -o conftest -g -O2 -I/usr/local//include -L/usr/local//lib conftest.c -lplibul -lm  >&5
configure:7304: $? = 0
configure:7304: ./conftest
configure:7304: $? = 0
configure:7306: result: yes
configure:7318: checking for grep that handles long lines and -e
configure:7382: result: /bin/grep
configure:7390: checking for egrep
configure:7458: result: /bin/grep -E
configure:7464: checking for fcntl.h
configure:7464: gcc -c -g -O2 -I/usr/local//include conftest.c >&5
configure:7464: $? = 0
configure:7464: result: yes
configure:7470: checking for unistd.h
configure:7470: result: yes
configure:7476: checking for windows.h
configure:7476: result: no
configure:7482: checking for winbase.h
configure:7482: gcc -c -g -O2 -I/usr/local//include conftest.c >&5
conftest.c:65:10: fatal error: winbase.h: No such file or directory
   65 | #include <winbase.h>
      |          ^~~~~~~~~~~
compilation terminated.
configure:7482: $? = 1
configure: failed program was:
| /* confdefs.h */
| #define PACKAGE_NAME ""
| #define PACKAGE_TARNAME ""
| #define PACKAGE_VERSION ""
| #define PACKAGE_STRING ""
| #define PACKAGE_BUGREPORT ""
| #define PACKAGE_URL ""
| #define PACKAGE "Atlas"
| #define VERSION "0.3.0"
| #define HAVE_STDIO_H 1
| #define HAVE_STDLIB_H 1
| #define HAVE_STRING_H 1
| #define HAVE_INTTYPES_H 1
| #define HAVE_STDINT_H 1
| #define HAVE_STRINGS_H 1
| #define HAVE_SYS_STAT_H 1
| #define HAVE_SYS_TYPES_H 1
| #define HAVE_UNISTD_H 1
| #define HAVE_SYS_TIME_H 1
| #define STDC_HEADERS 1
| #define HAVE_LIBM 1
| #define HAVE_LIBPTHREAD 1
| #define HAVE_LIBX11 1
| #define HAVE_LIBXEXT 1
| #define HAVE_LIBXI 1
| #define HAVE_LIBICE 1
| #define HAVE_LIBSM 1
| #define HAVE_LIBXT 1
| #define HAVE_LIBGL 1
| #define HAVE_LIBGLU 1
| #define HAVE_LIBGLUT 1
| #define HAVE_LIBGLUT 1
| #define HAVE_LIBPLIBUL 1
| #define HAVE_FCNTL_H 1
| #define HAVE_UNISTD_H 1
| /* end confdefs.h.  */
| #include <stddef.h>
| #ifdef HAVE_STDIO_H
| # include <stdio.h>
| #endif
| #ifdef HAVE_STDLIB_H
| # include <stdlib.h>
| #endif
| #ifdef HAVE_STRING_H
| # include <string.h>
| #endif
| #ifdef HAVE_INTTYPES_H
| # include <inttypes.h>
| #endif
| #ifdef HAVE_STDINT_H
| # include <stdint.h>
| #endif
| #ifdef HAVE_STRINGS_H
| # include <strings.h>
| #endif
| #ifdef HAVE_SYS_TYPES_H
| # include <sys/types.h>
| #endif
| #ifdef HAVE_SYS_STAT_H
| # include <sys/stat.h>
| #endif
| #ifdef HAVE_UNISTD_H
| # include <unistd.h>
| #endif
| #include <winbase.h>
configure:7482: result: no
configure:7488: checking for values.h
configure:7488: gcc -c -g -O2 -I/usr/local//include conftest.c >&5
configure:7488: $? = 0
configure:7488: result: yes
configure:7496: checking for an ANSI C-conforming const
configure:7563: gcc -c -g -O2 -I/usr/local//include conftest.c >&5
configure:7563: $? = 0
configure:7571: result: yes
configure:7579: checking for size_t
configure:7579: gcc -c -g -O2 -I/usr/local//include conftest.c >&5
configure:7579: $? = 0
configure:7579: gcc -c -g -O2 -I/usr/local//include conftest.c >&5
conftest.c: In function 'main':
conftest.c:69:21: error: expected expression before ')' token
   69 | if (sizeof ((size_t)))
      |                     ^
configure:7579: $? = 1
configure: failed program was:
| /* confdefs.h */
| #define PACKAGE_NAME ""
| #define PACKAGE_TARNAME ""
| #define PACKAGE_VERSION ""
| #define PACKAGE_STRING ""
| #define PACKAGE_BUGREPORT ""
| #define PACKAGE_URL ""
| #define PACKAGE "Atlas"
| #define VERSION "0.3.0"
| #define HAVE_STDIO_H 1
| #define HAVE_STDLIB_H 1
| #define HAVE_STRING_H 1
| #define HAVE_INTTYPES_H 1
| #define HAVE_STDINT_H 1
| #define HAVE_STRINGS_H 1
| #define HAVE_SYS_STAT_H 1
| #define HAVE_SYS_TYPES_H 1
| #define HAVE_UNISTD_H 1
| #define HAVE_SYS_TIME_H 1
| #define STDC_HEADERS 1
| #define HAVE_LIBM 1
| #define HAVE_LIBPTHREAD 1
| #define HAVE_LIBX11 1
| #define HAVE_LIBXEXT 1
| #define HAVE_LIBXI 1
| #define HAVE_LIBICE 1
| #define HAVE_LIBSM 1
| #define HAVE_LIBXT 1
| #define HAVE_LIBGL 1
| #define HAVE_LIBGLU 1
| #define HAVE_LIBGLUT 1
| #define HAVE_LIBGLUT 1
| #define HAVE_LIBPLIBUL 1
| #define HAVE_FCNTL_H 1
| #define HAVE_UNISTD_H 1
| #define HAVE_VALUES_H 1
| /* end confdefs.h.  */
| #include <stddef.h>
| #ifdef HAVE_STDIO_H
| # include <stdio.h>
| #endif
| #ifdef HAVE_STDLIB_H
| # include <stdlib.h>
| #endif
| #ifdef HAVE_STRING_H
| # include <string.h>
| #endif
| #ifdef HAVE_INTTYPES_H
| # include <inttypes.h>
| #endif
| #ifdef HAVE_STDINT_H
| # include <stdint.h>
| #endif
| #ifdef HAVE_STRINGS_H
| # include <strings.h>
| #endif
| #ifdef HAVE_SYS_TYPES_H
| # include <sys/types.h>
| #endif
| #ifdef HAVE_SYS_STAT_H
| # include <sys/stat.h>
| #endif
| #ifdef HAVE_UNISTD_H
| # include <unistd.h>
| #endif
| int
| main (void)
| {
| if (sizeof ((size_t)))
| 	    return 0;
|   ;
|   return 0;
| }
configure:7579: result: yes
configure:7599: checking whether struct tm is in sys/time.h or time.h
configure:7620: gcc -c -g -O2 -I/usr/local//include conftest.c >&5
configure:7620: $? = 0
configure:7628: result: time.h
configure:7637: checking return type of signal handlers
configure:7656: gcc -c -g -O2 -I/usr/local//include conftest.c >&5
conftest.c: In function 'main':
conftest.c:45:10: error: void value not ignored as it ought to be
   45 | return *(signal (0, 0)) (0) == 1;
      |         ~^~~~~~~~~~~~~~~~~~
configure:7656: $? = 1
configure: failed program was:
| /* confdefs.h */
| #define PACKAGE_NAME ""
| #define PACKAGE_TARNAME ""
| #define PACKAGE_VERSION ""
| #define PACKAGE_STRING ""
| #define PACKAGE_BUGREPORT ""
| #define PACKAGE_URL ""
| #define PACKAGE "Atlas"
| #define VERSION "0.3.0"
| #define HAVE_STDIO_H 1
| #define HAVE_STDLIB_H 1
| #define HAVE_STRING_H 1
| #define HAVE_INTTYPES_H 1
| #define HAVE_STDINT_H 1
| #define HAVE_STRINGS_H 1
| #define HAVE_SYS_STAT_H 1
| #define HAVE_SYS_TYPES_H 1
| #define HAVE_UNISTD_H 1
| #define HAVE_SYS_TIME_H 1
| #define STDC_HEADERS 1
| #define HAVE_LIBM 1
| #define HAVE_LIBPTHREAD 1
| #define HAVE_LIBX11 1
| #define HAVE_LIBXEXT 1
| #define HAVE_LIBXI 1
| #define HAVE_LIBICE 1
| #define HAVE_LIBSM 1
| #define HAVE_LIBXT 1
| #define HAVE_LIBGL 1
| #define HAVE_LIBGLU 1
| #define HAVE_LIBGLUT 1
| #define HAVE_LIBGLUT 1
| #define HAVE_LIBPLIBUL 1
| #define HAVE_FCNTL_H 1
| #define HAVE_UNISTD_H 1
| #define HAVE_VALUES_H 1
| #define TIME_WITH_SYS_TIME 1
| /* end confdefs.h.  */
| #include <sys/types.h>
| #include <signal.h>
| 
| int
| main (void)
| {
| return *(signal (0, 0)) (0) == 1;
|   ;
|   return 0;
| }
configure:7664: result: void
configure:7674: checking for vprintf
configure:7674: gcc -o conftest -g -O2 -I/usr/local//include -L/usr/local//lib conftest.c -lplibul -lm  >&5
conftest.c:56:6: warning: conflicting types for built-in function 'vprintf'; expected 'int(const char *, __va_list_tag *)' [-Wbuiltin-declaration-mismatch]
   56 | char vprintf ();
      |      ^~~~~~~
conftest.c:48:1: note: 'vprintf' is declared in header '<stdio.h>'
   47 | #include <limits.h>
   48 | #undef vprintf
configure:7674: $? = 0
configure:7674: result: yes
configure:7695: checking for ftime
configure:7695: gcc -o conftest -g -O2 -I/usr/local//include -L/usr/local//lib conftest.c -lplibul -lm  >&5
configure:7695: $? = 0
configure:7695: result: yes
configure:7701: checking for gettimeofday
configure:7701: gcc -o conftest -g -O2 -I/usr/local//include -L/usr/local//lib conftest.c -lplibul -lm  >&5
configure:7701: $? = 0
configure:7701: result: yes
configure:7707: checking for timegm
configure:7707: gcc -o conftest -g -O2 -I/usr/local//include -L/usr/local//lib conftest.c -lplibul -lm  >&5
configure:7707: $? = 0
configure:7707: result: yes
configure:7713: checking for memcpy
configure:7713: gcc -o conftest -g -O2 -I/usr/local//include -L/usr/local//lib conftest.c -lplibul -lm  >&5
conftest.c:60:6: warning: conflicting types for built-in function 'memcpy'; expected 'void *(void *, const void *, long unsigned int)' [-Wbuiltin-declaration-mismatch]
   60 | char memcpy ();
      |      ^~~~~~
conftest.c:52:1: note: 'memcpy' is declared in header '<string.h>'
   51 | #include <limits.h>
   52 | #undef memcpy
configure:7713: $? = 0
configure:7713: result: yes
configure:7719: checking for bcopy
configure:7719: gcc -o conftest -g -O2 -I/usr/local//include -L/usr/local//lib conftest.c -lplibul -lm  >&5
conftest.c:61:6: warning: conflicting types for built-in function 'bcopy'; expected 'void(const void *, void *, long unsigned int)' [-Wbuiltin-declaration-mismatch]
   61 | char bcopy ();
      |      ^~~~~
configure:7719: $? = 0
configure:7719: result: yes
configure:7725: checking for mktime
configure:7725: gcc -o conftest -g -O2 -I/usr/local//include -L/usr/local//lib conftest.c -lplibul -lm  >&5
configure:7725: $? = 0
configure:7725: result: yes
configure:7731: checking for strstr
configure:7731: gcc -o conftest -g -O2 -I/usr/local//include -L/usr/local//lib conftest.c -lplibul -lm  >&5
conftest.c:63:6: warning: conflicting types for built-in function 'strstr'; expected 'char *(const char *, const char *)' [-Wbuiltin-declaration-mismatch]
   63 | char strstr ();
      |      ^~~~~~
conftest.c:55:1: note: 'strstr' is declared in header '<string.h>'
   54 | #include <limits.h>
   55 | #undef strstr
configure:7731: $? = 0
configure:7731: result: yes
configure:7737: checking for rand
configure:7737: gcc -o conftest -g -O2 -I/usr/local//include -L/usr/local//lib conftest.c -lplibul -lm  >&5
configure:7737: $? = 0
configure:7737: result: yes
configure:7743: checking for random
configure:7743: gcc -o conftest -g -O2 -I/usr/local//include -L/usr/local//lib conftest.c -lplibul -lm  >&5
configure:7743: $? = 0
configure:7743: result: yes
configure:7749: checking for setitimer
configure:7749: gcc -o conftest -g -O2 -I/usr/local//include -L/usr/local//lib conftest.c -lplibul -lm  >&5
configure:7749: $? = 0
configure:7749: result: yes
configure:7755: checking for getitimer
configure:7755: gcc -o conftest -g -O2 -I/usr/local//include -L/usr/local//lib conftest.c -lplibul -lm  >&5
configure:7755: $? = 0
configure:7755: result: yes
configure:7761: checking for signal
configure:7761: gcc -o conftest -g -O2 -I/usr/local//include -L/usr/local//lib conftest.c -lplibul -lm  >&5
configure:7761: $? = 0
configure:7761: result: yes
configure:7767: checking for GetLocalTime
configure:7767: gcc -o conftest -g -O2 -I/usr/local//include -L/usr/local//lib conftest.c -lplibul -lm  >&5
/bin/ld: /tmp/cciu4zEt.o: in function `main':
/data/AtlasNG/conftest.c:80: undefined reference to `GetLocalTime'
collect2: error: ld returned 1 exit status
configure:7767: $? = 1
configure: failed program was:
| /* confdefs.h */
| #define PACKAGE_NAME ""
| #define PACKAGE_TARNAME ""
| #define PACKAGE_VERSION ""
| #define PACKAGE_STRING ""
| #define PACKAGE_BUGREPORT ""
| #define PACKAGE_URL ""
| #define PACKAGE "Atlas"
| #define VERSION "0.3.0"
| #define HAVE_STDIO_H 1
| #define HAVE_STDLIB_H 1
| #define HAVE_STRING_H 1
| #define HAVE_INTTYPES_H 1
| #define HAVE_STDINT_H 1
| #define HAVE_STRINGS_H 1
| #define HAVE_SYS_STAT_H 1
| #define HAVE_SYS_TYPES_H 1
| #define HAVE_UNISTD_H 1
| #define HAVE_SYS_TIME_H 1
| #define STDC_HEADERS 1
| #define HAVE_LIBM 1
| #define HAVE_LIBPTHREAD 1
| #define HAVE_LIBX11 1
| #define HAVE_LIBXEXT 1
| #define HAVE_LIBXI 1
| #define HAVE_LIBICE 1
| #define HAVE_LIBSM 1
| #define HAVE_LIBXT 1
| #define HAVE_LIBGL 1
| #define HAVE_LIBGLU 1
| #define HAVE_LIBGLUT 1
| #define HAVE_LIBGLUT 1
| #define HAVE_LIBPLIBUL 1
| #define HAVE_FCNTL_H 1
| #define HAVE_UNISTD_H 1
| #define HAVE_VALUES_H 1
| #define TIME_WITH_SYS_TIME 1
| #define RETSIGTYPE void
| #define HAVE_VPRINTF 1
| #define HAVE_FTIME 1
| #define HAVE_GETTIMEOFDAY 1
| #define HAVE_TIMEGM 1
| #define HAVE_MEMCPY 1
| #define HAVE_BCOPY 1
| #define HAVE_MKTIME 1
| #define HAVE_STRSTR 1
| #define HAVE_RAND 1
| #define HAVE_RANDOM 1
| #define HAVE_SETITIMER 1
| #define HAVE_GETITIMER 1
| #define HAVE_SIGNAL 1
| /* end confdefs.h.  */
| /* Define GetLocalTime to an innocuous variant, in case <limits.h> declares GetLocalTime.
|    For example, HP-UX 11i <limits.h> declares gettimeofday.  */
| #define GetLocalTime innocuous_GetLocalTime
| 
| /* System header to define __stub macros and hopefully few prototypes,
|    which can conflict with char GetLocalTime (); below.  */
| 
| #include <limits.h>
| #undef GetLocalTime
| 
| /* Override any GCC internal prototype to avoid an error.
|    Use char because int might match the return type of a GCC
|    builtin and then its argument prototype would still apply.  */
| #ifdef __cplusplus
| extern "C"
| #endif
| char GetLocalTime ();
| /* The GNU C library defines this for functions which it implements
|     to always fail with ENOSYS.  Some functions are actually named
|     something starting with __ and the normal name is an alias.  */
| #if defined __stub_GetLocalTime || defined __stub___GetLocalTime
| choke me
| #endif
| 
| int
| main (void)
| {
| return GetLocalTime ();
|   ;
|   return 0;
| }
configure:7767: result: no
configure:7773: checking for rint
configure:7773: gcc -o conftest -g -O2 -I/usr/local//include -L/usr/local//lib conftest.c -lplibul -lm  >&5
conftest.c:69:6: warning: conflicting types for built-in function 'rint'; expected 'double(double)' [-Wbuiltin-declaration-mismatch]
   69 | char rint ();
      |      ^~~~
conftest.c:61:1: note: 'rint' is declared in header '<math.h>'
   60 | #include <limits.h>
   61 | #undef rint
configure:7773: $? = 0
configure:7773: result: yes
configure:7779: checking for getrusage
configure:7779: gcc -o conftest -g -O2 -I/usr/local//include -L/usr/local//lib conftest.c -lplibul -lm  >&5
configure:7779: $? = 0
configure:7779: result: yes
configure:7918: creating ./config.status

## ---------------------- ##
## Running config.status. ##
## ---------------------- ##

This file was extended by config.status, which was
generated by GNU Autoconf 2.71.  Invocation command line was

  CONFIG_FILES    = 
  CONFIG_HEADERS  = 
  CONFIG_LINKS    = 
  CONFIG_COMMANDS = 
  $ ./config.status 

on igor

config.status:900: creating Makefile
config.status:1003: WARNING:  'Makefile.in' seems to ignore the --datarootdir setting
config.status:900: creating src/Makefile
config.status:1003: WARNING:  'src/Makefile.in' seems to ignore the --datarootdir setting
config.status:900: creating src/buildmaps.sh
config.status:900: creating src/data/Makefile
config.status:1003: WARNING:  'src/data/Makefile.in' seems to ignore the --datarootdir setting
config.status:900: creating src/config.h
config.status:1122: executing depfiles commands

## ---------------- ##
## Cache variables. ##
## ---------------- ##

ac_cv_build=x86_64-unknown-linux-gnu
ac_cv_c_compiler_gnu=yes
ac_cv_c_const=yes
ac_cv_cxx_compiler_gnu=yes
ac_cv_env_CCC_set=
ac_cv_env_CCC_value=
ac_cv_env_CC_set=
ac_cv_env_CC_value=
ac_cv_env_CFLAGS_set=
ac_cv_env_CFLAGS_value=
ac_cv_env_CPPFLAGS_set=
ac_cv_env_CPPFLAGS_value=
ac_cv_env_CPP_set=
ac_cv_env_CPP_value=
ac_cv_env_CXXFLAGS_set=
ac_cv_env_CXXFLAGS_value=
ac_cv_env_CXX_set=
ac_cv_env_CXX_value=
ac_cv_env_LDFLAGS_set=
ac_cv_env_LDFLAGS_value=
ac_cv_env_LIBS_set=
ac_cv_env_LIBS_value=
ac_cv_env_XMKMF_set=
ac_cv_env_XMKMF_value=
ac_cv_env_build_alias_set=
ac_cv_env_build_alias_value=
ac_cv_env_host_alias_set=
ac_cv_env_host_alias_value=
ac_cv_env_target_alias_set=
ac_cv_env_target_alias_value=
ac_cv_func_GetLocalTime=no
ac_cv_func_bcopy=yes
ac_cv_func_connect=yes
ac_cv_func_ftime=yes
ac_cv_func_gethostbyname=yes
ac_cv_func_getitimer=yes
ac_cv_func_getrusage=yes
ac_cv_func_gettimeofday=yes
ac_cv_func_memcpy=yes
ac_cv_func_mktime=yes
ac_cv_func_rand=yes
ac_cv_func_random=yes
ac_cv_func_remove=yes
ac_cv_func_rint=yes
ac_cv_func_setitimer=yes
ac_cv_func_shmat=yes
ac_cv_func_signal=yes
ac_cv_func_strstr=yes
ac_cv_func_timegm=yes
ac_cv_func_vprintf=yes
ac_cv_have_x='have_x=yes	ac_x_includes='\'''\''	ac_x_libraries='\'''\'''
ac_cv_header_fcntl_h=yes
ac_cv_header_inttypes_h=yes
ac_cv_header_plib_pu_h=yes
ac_cv_header_simgear_version_h=yes
ac_cv_header_stdint_h=yes
ac_cv_header_stdio_h=yes
ac_cv_header_stdlib_h=yes
ac_cv_header_string_h=yes
ac_cv_header_strings_h=yes
ac_cv_header_sys_stat_h=yes
ac_cv_header_sys_time_h=yes
ac_cv_header_sys_types_h=yes
ac_cv_header_unistd_h=yes
ac_cv_header_values_h=yes
ac_cv_header_winbase_h=no
ac_cv_header_windows_h=no
ac_cv_host=x86_64-unknown-linux-gnu
ac_cv_lib_GLU_gluLookAt=yes
ac_cv_lib_GL_glNewList=yes
ac_cv_lib_GLcore_glNewList=no
ac_cv_lib_ICE_IceConnectionNumber=yes
ac_cv_lib_ICE_IceOpenConnection=yes
ac_cv_lib_SM_SmcOpenConnection=yes
ac_cv_lib_X11_XCreateWindow=yes
ac_cv_lib_Xext_XShmCreateImage=yes
ac_cv_lib_Xi_XGetExtensionVersion=yes
ac_cv_lib_Xmu_XmuLookupStandardColormap=no
ac_cv_lib_Xt_XtMalloc=yes
ac_cv_lib_glut_glutGameModeString=yes
ac_cv_lib_glut_glutGetModifiers=yes
ac_cv_lib_m_cos=yes
ac_cv_lib_plibul_ulInit=yes
ac_cv_lib_pthread_pthread_exit=yes
ac_cv_lib_socket_socket=no
ac_cv_objext=o
ac_cv_path_EGREP='/bin/grep -E'
ac_cv_path_GREP=/bin/grep
ac_cv_path_install='/bin/install -c'
ac_cv_prog_AWK=gawk
ac_cv_prog_CPP='gcc -E'
ac_cv_prog_ac_ct_CC=gcc
ac_cv_prog_ac_ct_CXX=g++
ac_cv_prog_ac_ct_RANLIB=ranlib
ac_cv_prog_cc_c11=
ac_cv_prog_cc_g=yes
ac_cv_prog_cc_stdc=
ac_cv_prog_cxx_cxx11=
ac_cv_prog_cxx_g=yes
ac_cv_prog_cxx_stdcxx=
ac_cv_prog_make_make_set=yes
ac_cv_struct_tm=time.h
ac_cv_type_signal=void
ac_cv_type_size_t=yes
am_cv_CC_dependencies_compiler_type=gcc3
am_cv_CXX_dependencies_compiler_type=gcc3

## ----------------- ##
## Output variables. ##
## ----------------- ##

ACLOCAL='${SHELL} /data/AtlasNG/missing --run aclocal-1.7a'
AMDEPBACKSLASH='\'
AMDEP_FALSE='#'
AMDEP_TRUE=''
AMTAR='${SHELL} /data/AtlasNG/missing --run tar'
AR='ar'
ARFLAGS='cru'
AUTOCONF='${SHELL} /data/AtlasNG/missing --run autoconf'
AUTOHEADER='${SHELL} /data/AtlasNG/missing --run autoheader'
AUTOMAKE='${SHELL} /data/AtlasNG/missing --run automake-1.7a'
AWK='gawk'
CC='gcc'
CCDEPMODE='depmode=gcc3'
CFLAGS='-g -O2'
CPP='gcc -E'
CPPFLAGS='-I/usr/local//include'
CXX='g++'
CXXDEPMODE='depmode=gcc3'
CXXFLAGS='-g -O2 -DFGBASE_DIR='\''"/usr/local/lib"'\'''
CYGPATH_W='echo'
DEFS='-DHAVE_CONFIG_H'
DEPDIR='.deps'
ECHO_C=''
ECHO_N='-n'
ECHO_T=''
EGREP='/bin/grep -E'
ENABLE_UNIX_SERIAL_FALSE='#'
ENABLE_UNIX_SERIAL_TRUE=''
EXEEXT=''
GREP='/bin/grep'
HAVE_XWINDOWS_FALSE='#'
HAVE_XWINDOWS_TRUE=''
INSTALL_DATA='${INSTALL} -m 644'
INSTALL_PROGRAM='${INSTALL}'
INSTALL_SCRIPT='${INSTALL}'
INSTALL_STRIP_PROGRAM='${SHELL} $(install_sh) -c -s'
LDFLAGS='-L/usr/local//lib'
LIBOBJS=''
LIBS='-lplibul -lm '
LN_S='ln -s'
LTLIBOBJS=''
MAKEINFO='${SHELL} /data/AtlasNG/missing --run makeinfo'
OBJEXT='o'
PACKAGE='Atlas'
PACKAGE_BUGREPORT=''
PACKAGE_NAME=''
PACKAGE_STRING=''
PACKAGE_TARNAME=''
PACKAGE_URL=''
PACKAGE_VERSION=''
PATH_SEPARATOR=':'
RANLIB='ranlib'
SET_MAKE=''
SHELL='/bin/sh'
STRIP=''
VERSION='0.3.0'
XMKMF=''
X_CFLAGS=''
X_EXTRA_LIBS=''
X_LIBS=''
X_PRE_LIBS=' -lSM -lICE'
ac_ct_CC='gcc'
ac_ct_CXX='g++'
am__fastdepCC_FALSE='#'
am__fastdepCC_TRUE=''
am__fastdepCXX_FALSE='#'
am__fastdepCXX_TRUE=''
am__include='include'
am__leading_dot='.'
am__quote=''
base_LIBS='-lm '
bindir='${exec_prefix}/bin'
build='x86_64-unknown-linux-gnu'
build_alias=''
build_cpu='x86_64'
build_os='linux-gnu'
build_vendor='unknown'
datadir='${datarootdir}'
datarootdir='${prefix}/share'
docdir='${datarootdir}/doc/${PACKAGE}'
dvidir='${docdir}'
exec_prefix='${prefix}'
fgbase_dir='/usr/local/lib'
host='x86_64-unknown-linux-gnu'
host_alias=''
host_cpu='x86_64'
host_os='linux-gnu'
host_vendor='unknown'
htmldir='${docdir}'
includedir='${prefix}/include'
infodir='${datarootdir}/info'
install_sh='/data/AtlasNG/install-sh'
libdir='${exec_prefix}/lib'
libexecdir='${exec_prefix}/libexec'
localedir='${datarootdir}/locale'
localstatedir='${prefix}/var'
mandir='${datarootdir}/man'
oldincludedir='/usr/include'
opengl_LIBS='-lglut -lGLU -lGL -lXt -lSM -lICE -lXi -lXext -lX11 -lpthread -lm '
pdfdir='${docdir}'
prefix='/usr/local'
program_transform_name='s,x,x,'
psdir='${docdir}'
runstatedir='${localstatedir}/run'
sbindir='${exec_prefix}/sbin'
sharedstatedir='${prefix}/com'
sysconfdir='${prefix}/etc'
target_alias=''

## ----------- ##
## confdefs.h. ##
## ----------- ##

/* confdefs.h */
#define PACKAGE_NAME ""
#define PACKAGE_TARNAME ""
#define PACKAGE_VERSION ""
#define PACKAGE_STRING ""
#define PACKAGE_BUGREPORT ""
#define PACKAGE_URL ""
#define PACKAGE "Atlas"
#define VERSION "0.3.0"
#define HAVE_STDIO_H 1
#define HAVE_STDLIB_H 1
#define HAVE_STRING_H 1
#define HAVE_INTTYPES_H 1
#define HAVE_STDINT_H 1
#define HAVE_STRINGS_H 1
#define HAVE_SYS_STAT_H 1
#define HAVE_SYS_TYPES_H 1
#define HAVE_UNISTD_H 1
#define HAVE_SYS_TIME_H 1
#define STDC_HEADERS 1
#define HAVE_LIBM 1
#define HAVE_LIBPTHREAD 1
#define HAVE_LIBX11 1
#define HAVE_LIBXEXT 1
#define HAVE_LIBXI 1
#define HAVE_LIBICE 1
#define HAVE_LIBSM 1
#define HAVE_LIBXT 1
#define HAVE_LIBGL 1
#define HAVE_LIBGLU 1
#define HAVE_LIBGLUT 1
#define HAVE_LIBGLUT 1
#define HAVE_LIBPLIBUL 1
#define HAVE_FCNTL_H 1
#define HAVE_UNISTD_H 1
#define HAVE_VALUES_H 1
#define TIME_WITH_SYS_TIME 1
#define RETSIGTYPE void
#define HAVE_VPRINTF 1
#define HAVE_FTIME 1
#define HAVE_GETTIMEOFDAY 1
#define HAVE_TIMEGM 1
#define HAVE_MEMCPY 1
#define HAVE_BCOPY 1
#define HAVE_MKTIME 1
#define HAVE_STRSTR 1
#define HAVE_RAND 1
#define HAVE_RANDOM 1
#define HAVE_SETITIMER 1
#define HAVE_GETITIMER 1
#define HAVE_SIGNAL 1
#define HAVE_RINT 1
#define HAVE_GETRUSAGE 1

configure: exit 0
